<?xml version="1.0" encoding="UTF-8"?>
<testsuite name="org.project.exam01.Ex01" tests="1" skipped="0" failures="0" errors="0" timestamp="2024-11-07T02:06:05" hostname="DESKTOP-8VOVB0M" time="0.278">
  <properties/>
  <testcase name="test1()" classname="org.project.exam01.Ex01" time="0.278"/>
  <system-out><![CDATA[oracle.jdbc.driver.T4CConnection@7ac2e39b
]]></system-out>
  <system-err><![CDATA[]]></system-err>
</testsuite>
